============================= test session starts =============================
platform win32 -- Python 3.12.3, pytest-9.0.2, pluggy-1.6.0 -- c:\Users\ABDULLAH\OneDrive\Desktop\YouBot\.venv\Scripts\python.exe
cachedir: .pytest_cache
rootdir: c:\Users\ABDULLAH\OneDrive\Desktop\YouBot\langgraph_agent
plugins: anyio-4.13.0, langsmith-0.7.24, asyncio-1.3.0, cov-7.1.0
asyncio: mode=Mode.STRICT, debug=False, asyncio_default_fixture_loop_scope=None, asyncio_default_test_loop_scope=function
collecting ... collected 3 items

tests/test_phase6_enterprise_stabilization.py::test_admin_mcp_server_rejection_stdio FAILED [ 33%]
tests/test_phase6_enterprise_stabilization.py::test_mcp_client_pool_is_singleton PASSED [ 66%]
tests/test_phase6_enterprise_stabilization.py::test_async_mysql_saver_checkpointing FAILED [100%]

================================== FAILURES ===================================
____________________ test_admin_mcp_server_rejection_stdio ____________________

app_client = (<starlette.testclient.TestClient object at 0x0000017E2C63CAA0>, <module 'app' from 'c:\\Users\\ABDULLAH\\OneDrive\\Desktop\\YouBot\\langgraph_agent\\app.py'>)

    def test_admin_mcp_server_rejection_stdio(app_client):
        client, app_module = app_client
    
        # Try creating an stdio server
        post_payload = {
            "name": "Local Shell Server",
            "connection_type": "stdio",
            "connection_url": "python -m some_local_server",
            "config_json": {}
        }
>       post_resp = client.post("/admin/workspaces/workspace_test/mcp-servers", headers=ADMIN_HEADERS, json=post_payload)
                    ^^^^^^^^^^^^^^^^^^^^^^^^^^^^^^^^^^^^^^^^^^^^^^^^^^^^^^^^^^^^^^^^^^^^^^^^^^^^^^^^^^^^^^^^^^^^^^^^^^^^^

tests\test_phase6_enterprise_stabilization.py:46: 
_ _ _ _ _ _ _ _ _ _ _ _ _ _ _ _ _ _ _ _ _ _ _ _ _ _ _ _ _ _ _ _ _ _ _ _ _ _ _ _
..\.venv\Lib\site-packages\starlette\testclient.py:546: in post
    return super().post(
..\.venv\Lib\site-packages\httpx\_client.py:1144: in post
    return self.request(
..\.venv\Lib\site-packages\starlette\testclient.py:445: in request
    return super().request(
..\.venv\Lib\site-packages\httpx\_client.py:825: in request
    return self.send(request, auth=auth, follow_redirects=follow_redirects)
           ^^^^^^^^^^^^^^^^^^^^^^^^^^^^^^^^^^^^^^^^^^^^^^^^^^^^^^^^^^^^^^^^
..\.venv\Lib\site-packages\httpx\_client.py:914: in send
    response = self._send_handling_auth(
..\.venv\Lib\site-packages\httpx\_client.py:942: in _send_handling_auth
    response = self._send_handling_redirects(
..\.venv\Lib\site-packages\httpx\_client.py:979: in _send_handling_redirects
    response = self._send_single_request(request)
               ^^^^^^^^^^^^^^^^^^^^^^^^^^^^^^^^^^
..\.venv\Lib\site-packages\httpx\_client.py:1014: in _send_single_request
    response = transport.handle_request(request)
               ^^^^^^^^^^^^^^^^^^^^^^^^^^^^^^^^^
..\.venv\Lib\site-packages\starlette\testclient.py:348: in handle_request
    raise exc
..\.venv\Lib\site-packages\starlette\testclient.py:345: in handle_request
    portal.call(self.app, scope, receive, send)
..\.venv\Lib\site-packages\anyio\from_thread.py:334: in call
    return cast(T_Retval, self.start_task_soon(func, *args).result())
                          ^^^^^^^^^^^^^^^^^^^^^^^^^^^^^^^^^^^^^^^^^^
..\..\..\..\AppData\Local\Programs\Python\Python312\Lib\concurrent\futures\_base.py:456: in result
    return self.__get_result()
           ^^^^^^^^^^^^^^^^^^^
..\..\..\..\AppData\Local\Programs\Python\Python312\Lib\concurrent\futures\_base.py:401: in __get_result
    raise self._exception
..\.venv\Lib\site-packages\anyio\from_thread.py:259: in _call_func
    retval = await retval_or_awaitable
             ^^^^^^^^^^^^^^^^^^^^^^^^^
..\.venv\Lib\site-packages\fastapi\applications.py:1159: in __call__
    await super().__call__(scope, receive, send)
..\.venv\Lib\site-packages\starlette\applications.py:90: in __call__
    await self.middleware_stack(scope, receive, send)
..\.venv\Lib\site-packages\starlette\middleware\errors.py:186: in __call__
    raise exc
..\.venv\Lib\site-packages\starlette\middleware\errors.py:164: in __call__
    await self.app(scope, receive, _send)
..\.venv\Lib\site-packages\starlette\middleware\cors.py:88: in __call__
    await self.app(scope, receive, send)
..\.venv\Lib\site-packages\starlette\middleware\exceptions.py:63: in __call__
    await wrap_app_handling_exceptions(self.app, conn)(scope, receive, send)
..\.venv\Lib\site-packages\starlette\_exception_handler.py:53: in wrapped_app
    raise exc
..\.venv\Lib\site-packages\starlette\_exception_handler.py:42: in wrapped_app
    await app(scope, receive, sender)
..\.venv\Lib\site-packages\fastapi\middleware\asyncexitstack.py:18: in __call__
    await self.app(scope, receive, send)
..\.venv\Lib\site-packages\starlette\routing.py:660: in __call__
    await self.middleware_stack(scope, receive, send)
..\.venv\Lib\site-packages\starlette\routing.py:680: in app
    await route.handle(scope, receive, send)
..\.venv\Lib\site-packages\starlette\routing.py:276: in handle
    await self.app(scope, receive, send)
..\.venv\Lib\site-packages\fastapi\routing.py:134: in app
    await wrap_app_handling_exceptions(app, request)(scope, receive, send)
..\.venv\Lib\site-packages\starlette\_exception_handler.py:53: in wrapped_app
    raise exc
..\.venv\Lib\site-packages\starlette\_exception_handler.py:42: in wrapped_app
    await app(scope, receive, sender)
..\.venv\Lib\site-packages\fastapi\routing.py:120: in app
    response = await f(request)
               ^^^^^^^^^^^^^^^^
..\.venv\Lib\site-packages\fastapi\routing.py:674: in app
    raw_response = await run_endpoint_function(
..\.venv\Lib\site-packages\fastapi\routing.py:328: in run_endpoint_function
    return await dependant.call(**values)
           ^^^^^^^^^^^^^^^^^^^^^^^^^^^^^^
routers\admin_actions.py:52: in create_mcp_server
    server_id = await create_tenant_mcp_server(
_ _ _ _ _ _ _ _ _ _ _ _ _ _ _ _ _ _ _ _ _ _ _ _ _ _ _ _ _ _ _ _ _ _ _ _ _ _ _ _

tenant_id = 'tenant_test', workspace_id = 'workspace_test'
name = 'Local Shell Server', connection_type = 'stdio'
connection_url = 'python -m some_local_server', config_json = {}

    async def create_tenant_mcp_server(
        tenant_id: str,
        workspace_id: str,
        name: str,
        connection_type: str,
        connection_url: str,
        config_json: Optional[Dict] = None
    ) -> int:
        """Register a new MCP server. Securely encrypts the config dictionary (e.g., API keys)."""
    
        if connection_type.lower() == "stdio":
>           raise ValueError("Security violation: 'stdio' connection types are disabled for tenant deployments. Use 'sse' only.")
E           ValueError: Security violation: 'stdio' connection types are disabled for tenant deployments. Use 'sse' only.

database\mcp_servers.py:31: ValueError
---------------------------- Captured stderr setup ----------------------------
2026-04-19 14:14:29.647 | INFO     | utils.faq_cache:__init__:55 - Enhanced FAQ Cache initialized: max_size=2000, ttl=24h, multilingual=True, semantic=True
---------------------------- Captured stderr call -----------------------------
2026-04-19 14:14:30.195 | ERROR    | app:global_exception_handler:2346 - Unhandled exception: Security violation: 'stdio' connection types are disabled for tenant deployments. Use 'sse' only.\nTraceback (most recent call last):\n\n  File "C:\\Users\\ABDULLAH\\AppData\\Local\\Programs\\Python\\Python312\\Lib\\threading.py", line 1030, in _bootstrap\n    self._bootstrap_inner()\n    \u2502    \u2514 <function Thread._bootstrap_inner at 0x0000017E2402F6A0>\n    \u2514 <Thread(asyncio-portal-17e491d7740, started daemon 45008)>\n  File "C:\\Users\\ABDULLAH\\AppData\\Local\\Programs\\Python\\Python312\\Lib\\threading.py", line 1073, in _bootstrap_inner\n    self.run()\n    \u2502    \u2514 <function Thread.run at 0x0000017E2402F380>\n    \u2514 <Thread(asyncio-portal-17e491d7740, started daemon 45008)>\n  File "C:\\Users\\ABDULLAH\\AppData\\Local\\Programs\\Python\\Python312\\Lib\\threading.py", line 1010, in run\n    self._target(*self._args, **self._kwargs)\n    \u2502    \u2502        \u2502    \u2502        \u2502    \u2514 {}\n    \u2502    \u2502        \u2502    \u2502        \u2514 <Thread(asyncio-portal-17e491d7740, started daemon 45008)>\n    \u2502    \u2502        \u2502    \u2514 ()\n    \u2502    \u2502        \u2514 <Thread(asyncio-portal-17e491d7740, started daemon 45008)>\n    \u2502    \u2514 <function start_blocking_portal.<locals>.run_blocking_portal at 0x0000017E2C60BC40>\n    \u2514 <Thread(asyncio-portal-17e491d7740, started daemon 45008)>\n  File "C:\\Users\\ABDULLAH\\OneDrive\\Desktop\\YouBot\\.venv\\Lib\\site-packages\\anyio\\from_thread.py", line 532, in run_blocking_portal\n    run_eventloop(\n    \u2514 <function run at 0x0000017E2503B880>\n  File "C:\\Users\\ABDULLAH\\OneDrive\\Desktop\\YouBot\\.venv\\Lib\\site-packages\\anyio\\_core\\_eventloop.py", line 77, in run\n    return async_backend.run(func, args, {}, backend_options)\n           \u2502             \u2502   \u2502     \u2502         \u2514 {}\n           \u2502             \u2502   \u2502     \u2514 ()\n           \u2502             \u2502   \u2514 <function start_blocking_portal.<locals>.run_portal at 0x0000017E2C60B880>\n           \u2502             \u2514 <classmethod(<function AsyncIOBackend.run at 0x0000017E26B7D620>)>\n           \u2514 <class 'anyio._backends._asyncio.AsyncIOBackend'>\n  File "C:\\Users\\ABDULLAH\\OneDrive\\Desktop\\YouBot\\.venv\\Lib\\site-packages\\anyio\\_backends\\_asyncio.py", line 2358, in run\n    return runner.run(wrapper())\n           \u2502      \u2502   \u2514 <function start_blocking_portal.<locals>.run_portal at 0x0000017E492E8900>\n           \u2502      \u2514 <function Runner.run at 0x0000017E26A8A020>\n           \u2514 <asyncio.runners.Runner object at 0x0000017E493151F0>\n  File "C:\\Users\\ABDULLAH\\AppData\\Local\\Programs\\Python\\Python312\\Lib\\asyncio\\runners.py", line 118, in run\n    return self._loop.run_until_complete(task)\n           \u2502    \u2502     \u2502                  \u2514 <Task pending name='anyio.from_thread.start_blocking_portal.<locals>.run_portal' coro=<start_blocking_portal.<locals>.run_por...\n           \u2502    \u2502     \u2514 <function BaseEventLoop.run_until_complete at 0x0000017E26A83BA0>\n           \u2502    \u2514 <_WindowsSelectorEventLoop running=True closed=False debug=False>\n           \u2514 <asyncio.runners.Runner object at 0x0000017E493151F0>\n  File "C:\\Users\\ABDULLAH\\AppData\\Local\\Programs\\Python\\Python312\\Lib\\asyncio\\base_events.py", line 674, in run_until_complete\n    self.run_forever()\n    \u2502    \u2514 <function BaseEventLoop.run_forever at 0x0000017E26A83B00>\n    \u2514 <_WindowsSelectorEventLoop running=True closed=False debug=False>\n  File "C:\\Users\\ABDULLAH\\AppData\\Local\\Programs\\Python\\Python312\\Lib\\asyncio\\base_events.py", line 641, in run_forever\n    self._run_once()\n    \u2502    \u2514 <function BaseEventLoop._run_once at 0x0000017E26A89940>\n    \u2514 <_WindowsSelectorEventLoop running=True closed=False debug=False>\n  File "C:\\Users\\ABDULLAH\\AppData\\Local\\Programs\\Python\\Python312\\Lib\\asyncio\\base_events.py", line 1987, in _run_once\n    handle._run()\n    \u2502      \u2514 <function Handle._run at 0x0000017E26A11620>\n    \u2514 <Handle <_asyncio.TaskStepMethWrapper object at 0x0000017E49315630>()>\n  File "C:\\Users\\ABDULLAH\\AppData\\Local\\Programs\\Python\\Python312\\Lib\\asyncio\\events.py", line 88, in _run\n    self._context.run(self._callback, *self._args)\n    \u2502    \u2502            \u2502    \u2502           \u2502    \u2514 <member '_args' of 'Handle' objects>\n    \u2502    \u2502            \u2502    \u2502           \u2514 <Handle <_asyncio.TaskStepMethWrapper object at 0x0000017E49315630>()>\n    \u2502    \u2502            \u2502    \u2514 <member '_callback' of 'Handle' objects>\n    \u2502    \u2502            \u2514 <Handle <_asyncio.TaskStepMethWrapper object at 0x0000017E49315630>()>\n    \u2502    \u2514 <member '_context' of 'Handle' objects>\n    \u2514 <Handle <_asyncio.TaskStepMethWrapper object at 0x0000017E49315630>()>\n  File "C:\\Users\\ABDULLAH\\OneDrive\\Desktop\\YouBot\\.venv\\Lib\\site-packages\\anyio\\from_thread.py", line 259, in _call_func\n    retval = await retval_or_awaitable\n                   \u2514 <coroutine object FastAPI.__call__ at 0x0000017E4929A5C0>\n  File "c:\\Users\\ABDULLAH\\OneDrive\\Desktop\\YouBot\\.venv\\Lib\\site-packages\\fastapi\\applications.py", line 1159, in __call__\n    await super().__call__(scope, receive, send)\n                           \u2502      \u2502        \u2514 <function _TestClientTransport.handle_request.<locals>.send at 0x0000017E2C4E8B80>\n                           \u2502      \u2514 <function _TestClientTransport.handle_request.<locals>.receive at 0x0000017E2C4E8CC0>\n                           \u2514 {'type': 'http', 'http_version': '1.1', 'method': 'POST', 'path': '/admin/workspaces/workspace_test/mcp-servers', 'raw_path':...\n  File "c:\\Users\\ABDULLAH\\OneDrive\\Desktop\\YouBot\\.venv\\Lib\\site-packages\\starlette\\applications.py", line 90, in __call__\n    await self.middleware_stack(scope, receive, send)\n          \u2502    \u2502                \u2502      \u2502        \u2514 <function _TestClientTransport.handle_request.<locals>.send at 0x0000017E2C4E8B80>\n          \u2502    \u2502                \u2502      \u2514 <function _TestClientTransport.handle_request.<locals>.receive at 0x0000017E2C4E8CC0>\n          \u2502    \u2502                \u2514 {'type': 'http', 'http_version': '1.1', 'method': 'POST', 'path': '/admin/workspaces/workspace_test/mcp-servers', 'raw_path':...\n          \u2502    \u2514 <starlette.middleware.errors.ServerErrorMiddleware object at 0x0000017E49284470>\n          \u2514 <fastapi.applications.FastAPI object at 0x0000017E481C2150>\n> File "c:\\Users\\ABDULLAH\\OneDrive\\Desktop\\YouBot\\.venv\\Lib\\site-packages\\starlette\\middleware\\errors.py", line 164, in __call__\n    await self.app(scope, receive, _send)\n          \u2502    \u2502   \u2502      \u2502        \u2514 <function ServerErrorMiddleware.__call__.<locals>._send at 0x0000017E492E9080>\n          \u2502    \u2502   \u2502      \u2514 <function _TestClientTransport.handle_request.<locals>.receive at 0x0000017E2C4E8CC0>\n          \u2502    \u2502   \u2514 {'type': 'http', 'http_version': '1.1', 'method': 'POST', 'path': '/admin/workspaces/workspace_test/mcp-servers', 'raw_path':...\n          \u2502    \u2514 <starlette.middleware.cors.CORSMiddleware object at 0x0000017E493157C0>\n          \u2514 <starlette.middleware.errors.ServerErrorMiddleware object at 0x0000017E49284470>\n  File "c:\\Users\\ABDULLAH\\OneDrive\\Desktop\\YouBot\\.venv\\Lib\\site-packages\\starlette\\middleware\\cors.py", line 88, in __call__\n    await self.app(scope, receive, send)\n          \u2502    \u2502   \u2502      \u2502        \u2514 <function ServerErrorMiddleware.__call__.<locals>._send at 0x0000017E492E9080>\n          \u2502    \u2502   \u2502      \u2514 <function _TestClientTransport.handle_request.<locals>.receive at 0x0000017E2C4E8CC0>\n          \u2502    \u2502   \u2514 {'type': 'http', 'http_version': '1.1', 'method': 'POST', 'path': '/admin/workspaces/workspace_test/mcp-servers', 'raw_path':...\n          \u2502    \u2514 <starlette.middleware.exceptions.ExceptionMiddleware object at 0x0000017E49315790>\n          \u2514 <starlette.middleware.cors.CORSMiddleware object at 0x0000017E493157C0>\n  File "c:\\Users\\ABDULLAH\\OneDrive\\Desktop\\YouBot\\.venv\\Lib\\site-packages\\starlette\\middleware\\exceptions.py", line 63, in __call__\n    await wrap_app_handling_exceptions(self.app, conn)(scope, receive, send)\n          \u2502                            \u2502    \u2502    \u2502     \u2502      \u2502        \u2514 <function ServerErrorMiddleware.__call__.<locals>._send at 0x0000017E492E9080>\n          \u2502                            \u2502    \u2502    \u2502     \u2502      \u2514 <function _TestClientTransport.handle_request.<locals>.receive at 0x0000017E2C4E8CC0>\n          \u2502                            \u2502    \u2502    \u2502     \u2514 {'type': 'http', 'http_version': '1.1', 'method': 'POST', 'path': '/admin/workspaces/workspace_test/mcp-servers', 'raw_path':...\n          \u2502                            \u2502    \u2502    \u2514 <starlette.requests.Request object at 0x0000017E49315880>\n          \u2502                            \u2502    \u2514 <fastapi.middleware.asyncexitstack.AsyncExitStackMiddleware object at 0x0000017E49315760>\n          \u2502                            \u2514 <starlette.middleware.exceptions.ExceptionMiddleware object at 0x0000017E49315790>\n          \u2514 <function wrap_app_handling_exceptions at 0x0000017E297C7CE0>\n  File "c:\\Users\\ABDULLAH\\OneDrive\\Desktop\\YouBot\\.venv\\Lib\\site-packages\\starlette\\_exception_handler.py", line 53, in wrapped_app\n    raise exc\n  File "c:\\Users\\ABDULLAH\\OneDrive\\Desktop\\YouBot\\.venv\\Lib\\site-packages\\starlette\\_exception_handler.py", line 42, in wrapped_app\n    await app(scope, receive, sender)\n          \u2502   \u2502      \u2502        \u2514 <function wrap_app_handling_exceptions.<locals>.wrapped_app.<locals>.sender at 0x0000017E492E9260>\n          \u2502   \u2502      \u2514 <function _TestClientTransport.handle_request.<locals>.receive at 0x0000017E2C4E8CC0>\n          \u2502   \u2514 {'type': 'http', 'http_version': '1.1', 'method': 'POST', 'path': '/admin/workspaces/workspace_test/mcp-servers', 'raw_path':...\n          \u2514 <fastapi.middleware.asyncexitstack.AsyncExitStackMiddleware object at 0x0000017E49315760>\n  File "c:\\Users\\ABDULLAH\\OneDrive\\Desktop\\YouBot\\.venv\\Lib\\site-packages\\fastapi\\middleware\\asyncexitstack.py", line 18, in __call__\n    await self.app(scope, receive, send)\n          \u2502    \u2502   \u2502      \u2502        \u2514 <function wrap_app_handling_exceptions.<locals>.wrapped_app.<locals>.sender at 0x0000017E492E9260>\n          \u2502    \u2502   \u2502      \u2514 <function _TestClientTransport.handle_request.<locals>.receive at 0x0000017E2C4E8CC0>\n          \u2502    \u2502   \u2514 {'type': 'http', 'http_version': '1.1', 'method': 'POST', 'path': '/admin/workspaces/workspace_test/mcp-servers', 'raw_path':...\n          \u2502    \u2514 <fastapi.routing.APIRouter object at 0x0000017E481C2210>\n          \u2514 <fastapi.middleware.asyncexitstack.AsyncExitStackMiddleware object at 0x0000017E49315760>\n  File "c:\\Users\\ABDULLAH\\OneDrive\\Desktop\\YouBot\\.venv\\Lib\\site-packages\\starlette\\routing.py", line 660, in __call__\n    await self.middleware_stack(scope, receive, send)\n          \u2502    \u2502                \u2502      \u2502        \u2514 <function wrap_app_handling_exceptions.<locals>.wrapped_app.<locals>.sender at 0x0000017E492E9260>\n          \u2502    \u2502                \u2502      \u2514 <function _TestClientTransport.handle_request.<locals>.receive at 0x0000017E2C4E8CC0>\n          \u2502    \u2502                \u2514 {'type': 'http', 'http_version': '1.1', 'method': 'POST', 'path': '/admin/workspaces/workspace_test/mcp-servers', 'raw_path':...\n          \u2502    \u2514 <bound method Router.app of <fastapi.routing.APIRouter object at 0x0000017E481C2210>>\n          \u2514 <fastapi.routing.APIRouter object at 0x0000017E481C2210>\n  File "c:\\Users\\ABDULLAH\\OneDrive\\Desktop\\YouBot\\.venv\\Lib\\site-packages\\starlette\\routing.py", line 680, in app\n    await route.handle(scope, receive, send)\n          \u2502     \u2502      \u2502      \u2502        \u2514 <function wrap_app_handling_exceptions.<locals>.wrapped_app.<locals>.sender at 0x0000017E492E9260>\n          \u2502     \u2502      \u2502      \u2514 <function _TestClientTransport.handle_request.<locals>.receive at 0x0000017E2C4E8CC0>\n          \u2502     \u2502      \u2514 {'type': 'http', 'http_version': '1.1', 'method': 'POST', 'path': '/admin/workspaces/workspace_test/mcp-servers', 'raw_path':...\n          \u2502     \u2514 <function Route.handle at 0x0000017E297F11C0>\n          \u2514 APIRoute(path='/admin/workspaces/{workspace_id}/mcp-servers', name='create_mcp_server', methods=['POST'])\n  File "c:\\Users\\ABDULLAH\\OneDrive\\Desktop\\YouBot\\.venv\\Lib\\site-packages\\starlette\\routing.py", line 276, in handle\n    await self.app(scope, receive, send)\n          \u2502    \u2502   \u2502      \u2502        \u2514 <function wrap_app_handling_exceptions.<locals>.wrapped_app.<locals>.sender at 0x0000017E492E9260>\n          \u2502    \u2502   \u2502      \u2514 <function _TestClientTransport.handle_request.<locals>.receive at 0x0000017E2C4E8CC0>\n          \u2502    \u2502   \u2514 {'type': 'http', 'http_version': '1.1', 'method': 'POST', 'path': '/admin/workspaces/workspace_test/mcp-servers', 'raw_path':...\n          \u2502    \u2514 <function request_response.<locals>.app at 0x0000017E492E84A0>\n          \u2514 APIRoute(path='/admin/workspaces/{workspace_id}/mcp-servers', name='create_mcp_server', methods=['POST'])\n  File "c:\\Users\\ABDULLAH\\OneDrive\\Desktop\\YouBot\\.venv\\Lib\\site-packages\\fastapi\\routing.py", line 134, in app\n    await wrap_app_handling_exceptions(app, request)(scope, receive, send)\n          \u2502                            \u2502    \u2502        \u2502      \u2502        \u2514 <function wrap_app_handling_exceptions.<locals>.wrapped_app.<locals>.sender at 0x0000017E492E9260>\n          \u2502                            \u2502    \u2502        \u2502      \u2514 <function _TestClientTransport.handle_request.<locals>.receive at 0x0000017E2C4E8CC0>\n          \u2502                            \u2502    \u2502        \u2514 {'type': 'http', 'http_version': '1.1', 'method': 'POST', 'path': '/admin/workspaces/workspace_test/mcp-servers', 'raw_path':...\n          \u2502                            \u2502    \u2514 <starlette.requests.Request object at 0x0000017E49315AF0>\n          \u2502                            \u2514 <function request_response.<locals>.app.<locals>.app at 0x0000017E492E9300>\n          \u2514 <function wrap_app_handling_exceptions at 0x0000017E297C7CE0>\n  File "c:\\Users\\ABDULLAH\\OneDrive\\Desktop\\YouBot\\.venv\\Lib\\site-packages\\starlette\\_exception_handler.py", line 53, in wrapped_app\n    raise exc\n  File "c:\\Users\\ABDULLAH\\OneDrive\\Desktop\\YouBot\\.venv\\Lib\\site-packages\\starlette\\_exception_handler.py", line 42, in wrapped_app\n    await app(scope, receive, sender)\n          \u2502   \u2502      \u2502        \u2514 <function wrap_app_handling_exceptions.<locals>.wrapped_app.<locals>.sender at 0x0000017E492E9440>\n          \u2502   \u2502      \u2514 <function _TestClientTransport.handle_request.<locals>.receive at 0x0000017E2C4E8CC0>\n          \u2502   \u2514 {'type': 'http', 'http_version': '1.1', 'method': 'POST', 'path': '/admin/workspaces/workspace_test/mcp-servers', 'raw_path':...\n          \u2514 <function request_response.<locals>.app.<locals>.app at 0x0000017E492E9300>\n  File "c:\\Users\\ABDULLAH\\OneDrive\\Desktop\\YouBot\\.venv\\Lib\\site-packages\\fastapi\\routing.py", line 120, in app\n    response = await f(request)\n                     \u2502 \u2514 <starlette.requests.Request object at 0x0000017E49315AF0>\n                     \u2514 <function get_request_handler.<locals>.app at 0x0000017E492A7BA0>\n  File "c:\\Users\\ABDULLAH\\OneDrive\\Desktop\\YouBot\\.venv\\Lib\\site-packages\\fastapi\\routing.py", line 674, in app\n    raw_response = await run_endpoint_function(\n                         \u2514 <function run_endpoint_function at 0x0000017E297F31A0>\n  File "c:\\Users\\ABDULLAH\\OneDrive\\Desktop\\YouBot\\.venv\\Lib\\site-packages\\fastapi\\routing.py", line 328, in run_endpoint_function\n    return await dependant.call(**values)\n                 \u2502         \u2502      \u2514 {'tenant_context': TenantContext(tenant_id='tenant_test', workspace_id='workspace_test'), 'admin_key': 'test-admin-key', 'wor...\n                 \u2502         \u2514 <function create_mcp_server at 0x0000017E492E80E0>\n                 \u2514 Dependant(path_params=[ModelField(field_info=Path(PydanticUndefined), name='workspace_id', mode='validation', config=None)], ...\n\n  File "c:\\Users\\ABDULLAH\\OneDrive\\Desktop\\YouBot\\langgraph_agent\\routers\\admin_actions.py", line 52, in create_mcp_server\n    server_id = await create_tenant_mcp_server(\n                      \u2514 <function create_tenant_mcp_server at 0x0000017E492A7E20>\n\n  File "c:\\Users\\ABDULLAH\\OneDrive\\Desktop\\YouBot\\langgraph_agent\\database\\mcp_servers.py", line 31, in create_tenant_mcp_server\n    raise ValueError("Security violation: 'stdio' connection types are disabled for tenant deployments. Use 'sse' only.")\n\nValueError: Security violation: 'stdio' connection types are disabled for tenant deployments. Use 'sse' only.
____________________ test_async_mysql_saver_checkpointing _____________________

    @pytest.mark.asyncio
    async def test_async_mysql_saver_checkpointing():
        # Because we are testing against a LIVE DB context as requested by the user:
        saver = AsyncMySQLSaver()
        thread_config = {"configurable": {"thread_id": "test_thread_12345"}}
    
        checkpoint_mock = {
            "v": 1,
            "id": "chk_001",
            "ts": "2026-04-18T10:00:00Z",
            "channel_values": {"messages": []},
            "channel_versions": {},
            "versions_seen": {}
        }
    
        metadata_mock = {
            "source": "loop", "step": 1
        }
    
        # Save the blob into the database (MySQL / Supabase active daemon)
        res = await saver.aput(thread_config, checkpoint_mock, metadata_mock, {})
        assert res["configurable"]["checkpoint_id"] == "chk_001"
    
        # Retrieve it back
>       fetched = await saver.aget_tuple(thread_config)
                  ^^^^^^^^^^^^^^^^^^^^^^^^^^^^^^^^^^^^^

tests\test_phase6_enterprise_stabilization.py:82: 
_ _ _ _ _ _ _ _ _ _ _ _ _ _ _ _ _ _ _ _ _ _ _ _ _ _ _ _ _ _ _ _ _ _ _ _ _ _ _ _

self = <database.checkpointer.AsyncMySQLSaver object at 0x0000017E4947D670>
config = {'configurable': {'thread_id': 'test_thread_12345'}}

    async def aget_tuple(self, config: dict) -> Optional[CheckpointTuple]:
        thread_id = config["configurable"]["thread_id"]
        checkpoint_id = config["configurable"].get("checkpoint_id")
    
        async with get_async_session() as session:
            query = select(LangGraphCheckpoint).where(LangGraphCheckpoint.thread_id == thread_id)
            if checkpoint_id:
                query = query.where(LangGraphCheckpoint.checkpoint_id == checkpoint_id)
            else:
                query = query.order_by(desc(LangGraphCheckpoint.id)).limit(1)
    
            result = await session.execute(query)
            row = result.scalar_one_or_none()
            if not row:
                return None
    
            return CheckpointTuple(
                config={"configurable": {"thread_id": thread_id, "checkpoint_id": row.checkpoint_id}},
>               checkpoint=self.serde.loads(row.checkpoint_blob),
                           ^^^^^^^^^^^^^^^^
                metadata=self.serde.loads(row.metadata_blob),
                parent_config={"configurable": {"thread_id": thread_id, "checkpoint_id": row.parent_checkpoint_id}} if row.parent_checkpoint_id else None
            )
E           AttributeError: 'JsonPlusSerializer' object has no attribute 'loads'

database\checkpointer.py:27: AttributeError
============================== warnings summary ===============================
config.py:12
  c:\Users\ABDULLAH\OneDrive\Desktop\YouBot\langgraph_agent\config.py:12: PydanticDeprecatedSince20: Support for class-based `config` is deprecated, use ConfigDict instead. Deprecated in Pydantic V2.0 to be removed in V3.0. See Pydantic V2 Migration Guide at https://errors.pydantic.dev/2.12/migration/
    class Settings(BaseSettings):

tests/test_phase6_enterprise_stabilization.py::test_admin_mcp_server_rejection_stdio
  c:\Users\ABDULLAH\OneDrive\Desktop\YouBot\langgraph_agent\app.py:185: DeprecationWarning: 
          on_event is deprecated, use lifespan event handlers instead.
  
          Read more about it in the
          [FastAPI docs for Lifespan Events](https://fastapi.tiangolo.com/advanced/events/).
          
    @app.on_event("startup")

tests/test_phase6_enterprise_stabilization.py::test_admin_mcp_server_rejection_stdio
tests/test_phase6_enterprise_stabilization.py::test_admin_mcp_server_rejection_stdio
  c:\Users\ABDULLAH\OneDrive\Desktop\YouBot\.venv\Lib\site-packages\fastapi\applications.py:4598: DeprecationWarning: 
          on_event is deprecated, use lifespan event handlers instead.
  
          Read more about it in the
          [FastAPI docs for Lifespan Events](https://fastapi.tiangolo.com/advanced/events/).
          
    return self.router.on_event(event_type)  # ty: ignore[deprecated]

tests/test_phase6_enterprise_stabilization.py::test_admin_mcp_server_rejection_stdio
  c:\Users\ABDULLAH\OneDrive\Desktop\YouBot\langgraph_agent\app.py:215: DeprecationWarning: 
          on_event is deprecated, use lifespan event handlers instead.
  
          Read more about it in the
          [FastAPI docs for Lifespan Events](https://fastapi.tiangolo.com/advanced/events/).
          
    @app.on_event("shutdown")

tests/test_phase6_enterprise_stabilization.py::test_admin_mcp_server_rejection_stdio
  c:\Users\ABDULLAH\OneDrive\Desktop\YouBot\langgraph_agent\app.py:225: PydanticDeprecatedSince20: Support for class-based `config` is deprecated, use ConfigDict instead. Deprecated in Pydantic V2.0 to be removed in V3.0. See Pydantic V2 Migration Guide at https://errors.pydantic.dev/2.12/migration/
    class MessageRequest(BaseModel):

tests/test_phase6_enterprise_stabilization.py::test_admin_mcp_server_rejection_stdio
  c:\Users\ABDULLAH\OneDrive\Desktop\YouBot\langgraph_agent\routers\admin_api.py:44: PydanticDeprecatedSince20: Support for class-based `config` is deprecated, use ConfigDict instead. Deprecated in Pydantic V2.0 to be removed in V3.0. See Pydantic V2 Migration Guide at https://errors.pydantic.dev/2.12/migration/
    class WorkspaceLLMConfigRequest(BaseModel):

tests/test_phase6_enterprise_stabilization.py::test_admin_mcp_server_rejection_stdio
  c:\Users\ABDULLAH\OneDrive\Desktop\YouBot\langgraph_agent\routers\admin_api.py:244: PydanticDeprecatedSince20: Support for class-based `config` is deprecated, use ConfigDict instead. Deprecated in Pydantic V2.0 to be removed in V3.0. See Pydantic V2 Migration Guide at https://errors.pydantic.dev/2.12/migration/
    class ProviderModelsRequest(BaseModel):

tests/test_phase6_enterprise_stabilization.py::test_admin_mcp_server_rejection_stdio
  c:\Users\ABDULLAH\OneDrive\Desktop\YouBot\langgraph_agent\app.py:549: PydanticDeprecatedSince20: Support for class-based `config` is deprecated, use ConfigDict instead. Deprecated in Pydantic V2.0 to be removed in V3.0. See Pydantic V2 Migration Guide at https://errors.pydantic.dev/2.12/migration/
    class AnalyticsAlertRuleRequest(BaseModel):

tests/test_phase6_enterprise_stabilization.py::test_async_mysql_saver_checkpointing
  c:\Users\ABDULLAH\OneDrive\Desktop\YouBot\.venv\Lib\site-packages\sqlalchemy\sql\schema.py:3624: DeprecationWarning: datetime.datetime.utcnow() is deprecated and scheduled for removal in a future version. Use timezone-aware objects to represent datetimes in UTC: datetime.datetime.now(datetime.UTC).
    return util.wrap_callable(lambda ctx: fn(), fn)  # type: ignore

-- Docs: https://docs.pytest.org/en/stable/how-to/capture-warnings.html
=========================== short test summary info ===========================
FAILED tests/test_phase6_enterprise_stabilization.py::test_admin_mcp_server_rejection_stdio
FAILED tests/test_phase6_enterprise_stabilization.py::test_async_mysql_saver_checkpointing
================== 2 failed, 1 passed, 10 warnings in 17.33s ==================
